# JRE version: OpenJDK Runtime Environment (17.0.11) (build 17.0.11+0--11852314)
# Java VM: OpenJDK 64-Bit Server VM (17.0.11+0--11852314, mixed mode, tiered, compressed oops, compressed class ptrs, g1 gc, windows-amd64)
GC Precious Log:
 CPUs: 8 total, 8 available
 Memory: 7413M
 Large Page Support: Disabled
 NUMA Support: Disabled
 Compressed Oops: Enabled (32-bit)
 Heap Region Size: 1M
 Heap Min Capacity: 8M
 Heap Initial Capacity: 116M
 Heap Max Capacity: 2G
 Pre-touch: Disabled
 Parallel Workers: 8
 Concurrent Workers: 2
 Concurrent Refinement Workers: 8
 Periodic GC: Disabled
Heap:
 garbage-first heap   total 348160K, used 293479K [0x0000000080000000, 0x0000000100000000)
  region size 1024K, 151 young (154624K), 5 survivors (5120K)
 Metaspace       used 120480K, committed 121344K, reserved 1179648K
  class space    used 16947K, committed 17344K, reserved 1048576K
GC Heap History (20 events):
Event: 16.788 GC heap before
{Heap before GC invocations=50 (full 0):
 garbage-first heap   total 289792K, used 142032K [0x0000000080000000, 0x0000000100000000)
  region size 1024K, 14 young (14336K), 11 survivors (11264K)
 Metaspace       used 114988K, committed 115776K, reserved 1179648K
  class space    used 16283K, committed 16640K, reserved 1048576K
}
Event: 16.797 GC heap after
{Heap after GC invocations=51 (full 0):
 garbage-first heap   total 289792K, used 141987K [0x0000000080000000, 0x0000000100000000)
  region size 1024K, 2 young (2048K), 2 survivors (2048K)
 Metaspace       used 114988K, committed 115776K, reserved 1179648K
  class space    used 16283K, committed 16640K, reserved 1048576K
}
Event: 17.311 GC heap before
{Heap before GC invocations=51 (full 0):
 garbage-first heap   total 289792K, used 233123K [0x0000000080000000, 0x0000000100000000)
  region size 1024K, 92 young (94208K), 2 survivors (2048K)
 Metaspace       used 116821K, committed 117632K, reserved 1179648K
  class space    used 16575K, committed 16960K, reserved 1048576K
}
Event: 17.315 GC heap after
{Heap after GC invocations=52 (full 0):
 garbage-first heap   total 289792K, used 141402K [0x0000000080000000, 0x0000000100000000)
  region size 1024K, 2 young (2048K), 2 survivors (2048K)
 Metaspace       used 116821K, committed 117632K, reserved 1179648K
  class space    used 16575K, committed 16960K, reserved 1048576K
}
Event: 17.824 GC heap before
{Heap before GC invocations=52 (full 0):
 garbage-first heap   total 289792K, used 235610K [0x0000000080000000, 0x0000000100000000)
  region size 1024K, 95 young (97280K), 2 survivors (2048K)
 Metaspace       used 119012K, committed 119808K, reserved 1179648K
  class space    used 16912K, committed 17280K, reserved 1048576K
}
Event: 17.828 GC heap after
{Heap after GC invocations=53 (full 0):
 garbage-first heap   total 289792K, used 141814K [0x0000000080000000, 0x0000000100000000)
  region size 1024K, 2 young (2048K), 2 survivors (2048K)
 Metaspace       used 119012K, committed 119808K, reserved 1179648K
  class space    used 16912K, committed 17280K, reserved 1048576K
}
Event: 18.322 GC heap before
{Heap before GC invocations=53 (full 0):
 garbage-first heap   total 289792K, used 240118K [0x0000000080000000, 0x0000000100000000)
  region size 1024K, 99 young (101376K), 2 survivors (2048K)
 Metaspace       used 119399K, committed 120192K, reserved 1179648K
  class space    used 16922K, committed 17280K, reserved 1048576K
}
Event: 18.326 GC heap after
{Heap after GC invocations=54 (full 0):
 garbage-first heap   total 289792K, used 142158K [0x0000000080000000, 0x0000000100000000)
  region size 1024K, 3 young (3072K), 3 survivors (3072K)
 Metaspace       used 119399K, committed 120192K, reserved 1179648K
  class space    used 16922K, committed 17280K, reserved 1048576K
}
Event: 18.765 GC heap before
{Heap before GC invocations=54 (full 0):
 garbage-first heap   total 289792K, used 243534K [0x0000000080000000, 0x0000000100000000)
  region size 1024K, 102 young (104448K), 3 survivors (3072K)
 Metaspace       used 119770K, committed 120576K, reserved 1179648K
  class space    used 16923K, committed 17280K, reserved 1048576K
}
Event: 18.769 GC heap after
{Heap after GC invocations=55 (full 0):
 garbage-first heap   total 289792K, used 143011K [0x0000000080000000, 0x0000000100000000)
  region size 1024K, 3 young (3072K), 3 survivors (3072K)
 Metaspace       used 119770K, committed 120576K, reserved 1179648K
  class space    used 16923K, committed 17280K, reserved 1048576K
}
Event: 19.099 GC heap before
{Heap before GC invocations=55 (full 0):
 garbage-first heap   total 289792K, used 246435K [0x0000000080000000, 0x0000000100000000)
  region size 1024K, 104 young (106496K), 3 survivors (3072K)
 Metaspace       used 120000K, committed 120768K, reserved 1179648K
  class space    used 16926K, committed 17280K, reserved 1048576K
}
Event: 19.107 GC heap after
{Heap after GC invocations=56 (full 0):
 garbage-first heap   total 289792K, used 142988K [0x0000000080000000, 0x0000000100000000)
  region size 1024K, 3 young (3072K), 3 survivors (3072K)
 Metaspace       used 120000K, committed 120768K, reserved 1179648K
  class space    used 16926K, committed 17280K, reserved 1048576K
}
Event: 19.333 GC heap before
{Heap before GC invocations=56 (full 0):
 garbage-first heap   total 289792K, used 197260K [0x0000000080000000, 0x0000000100000000)
  region size 1024K, 57 young (58368K), 3 survivors (3072K)
 Metaspace       used 120276K, committed 121088K, reserved 1179648K
  class space    used 16939K, committed 17344K, reserved 1048576K
}
Event: 19.339 GC heap after
{Heap after GC invocations=57 (full 0):
 garbage-first heap   total 348160K, used 143835K [0x0000000080000000, 0x0000000100000000)
  region size 1024K, 4 young (4096K), 4 survivors (4096K)
 Metaspace       used 120276K, committed 121088K, reserved 1179648K
  class space    used 16939K, committed 17344K, reserved 1048576K
}
Event: 20.289 GC heap before
{Heap before GC invocations=57 (full 0):
 garbage-first heap   total 348160K, used 301531K [0x0000000080000000, 0x0000000100000000)
  region size 1024K, 157 young (160768K), 4 survivors (4096K)
 Metaspace       used 120394K, committed 121280K, reserved 1179648K
  class space    used 16941K, committed 17344K, reserved 1048576K
}
Event: 20.294 GC heap after
{Heap after GC invocations=58 (full 0):
 garbage-first heap   total 348160K, used 143561K [0x0000000080000000, 0x0000000100000000)
  region size 1024K, 4 young (4096K), 4 survivors (4096K)
 Metaspace       used 120394K, committed 121280K, reserved 1179648K
  class space    used 16941K, committed 17344K, reserved 1048576K
}
Event: 20.953 GC heap before
{Heap before GC invocations=58 (full 0):
 garbage-first heap   total 348160K, used 303305K [0x0000000080000000, 0x0000000100000000)
  region size 1024K, 160 young (163840K), 4 survivors (4096K)
 Metaspace       used 120433K, committed 121280K, reserved 1179648K
  class space    used 16944K, committed 17344K, reserved 1048576K
}
Event: 20.961 GC heap after
{Heap after GC invocations=59 (full 0):
 garbage-first heap   total 348160K, used 144035K [0x0000000080000000, 0x0000000100000000)
  region size 1024K, 4 young (4096K), 4 survivors (4096K)
 Metaspace       used 120433K, committed 121280K, reserved 1179648K
  class space    used 16944K, committed 17344K, reserved 1048576K
}
Event: 21.758 GC heap before
{Heap before GC invocations=59 (full 0):
 garbage-first heap   total 348160K, used 304803K [0x0000000080000000, 0x0000000100000000)
  region size 1024K, 161 young (164864K), 4 survivors (4096K)
 Metaspace       used 120470K, committed 121344K, reserved 1179648K
  class space    used 16947K, committed 17344K, reserved 1048576K
}
Event: 21.764 GC heap after
{Heap after GC invocations=60 (full 0):
 garbage-first heap   total 348160K, used 144999K [0x0000000080000000, 0x0000000100000000)
  region size 1024K, 5 young (5120K), 5 survivors (5120K)
 Metaspace       used 120470K, committed 121344K, reserved 1179648K
  class space    used 16947K, committed 17344K, reserved 1048576K
}

