# JRE version: OpenJDK Runtime Environment (17.0.11) (build 17.0.11+0--11852314)
# Java VM: OpenJDK 64-Bit Server VM (17.0.11+0--11852314, mixed mode, tiered, compressed oops, compressed class ptrs, g1 gc, windows-amd64)
GC Precious Log:
 CPUs: 8 total, 8 available
 Memory: 7413M
 Large Page Support: Disabled
 NUMA Support: Disabled
 Compressed Oops: Enabled (32-bit)
 Heap Region Size: 1M
 Heap Min Capacity: 8M
 Heap Initial Capacity: 116M
 Heap Max Capacity: 2G
 Pre-touch: Disabled
 Parallel Workers: 8
 Concurrent Workers: 2
 Concurrent Refinement Workers: 8
 Periodic GC: Disabled
Heap:
 garbage-first heap   total 176128K, used 105340K [0x0000000080000000, 0x0000000100000000)
  region size 1024K, 1 young (1024K), 1 survivors (1024K)
 Metaspace       used 103245K, committed 103936K, reserved 1179648K
  class space    used 14081K, committed 14400K, reserved 1048576K
GC Heap History (20 events):
Event: 14.622 GC heap after
{Heap after GC invocations=38 (full 0):
 garbage-first heap   total 136192K, used 89429K [0x0000000080000000, 0x0000000100000000)
  region size 1024K, 5 young (5120K), 5 survivors (5120K)
 Metaspace       used 89703K, committed 90368K, reserved 1179648K
  class space    used 12481K, committed 12800K, reserved 1048576K
}
Event: 14.991 GC heap before
{Heap before GC invocations=38 (full 0):
 garbage-first heap   total 136192K, used 116053K [0x0000000080000000, 0x0000000100000000)
  region size 1024K, 30 young (30720K), 5 survivors (5120K)
 Metaspace       used 91784K, committed 92480K, reserved 1179648K
  class space    used 12688K, committed 12992K, reserved 1048576K
}
Event: 14.994 GC heap after
{Heap after GC invocations=39 (full 0):
 garbage-first heap   total 136192K, used 83296K [0x0000000080000000, 0x0000000100000000)
  region size 1024K, 2 young (2048K), 2 survivors (2048K)
 Metaspace       used 91784K, committed 92480K, reserved 1179648K
  class space    used 12688K, committed 12992K, reserved 1048576K
}
Event: 15.213 GC heap before
{Heap before GC invocations=39 (full 0):
 garbage-first heap   total 136192K, used 112992K [0x0000000080000000, 0x0000000100000000)
  region size 1024K, 31 young (31744K), 2 survivors (2048K)
 Metaspace       used 92207K, committed 92864K, reserved 1179648K
  class space    used 12719K, committed 12992K, reserved 1048576K
}
Event: 15.215 GC heap after
{Heap after GC invocations=40 (full 0):
 garbage-first heap   total 136192K, used 83250K [0x0000000080000000, 0x0000000100000000)
  region size 1024K, 2 young (2048K), 2 survivors (2048K)
 Metaspace       used 92207K, committed 92864K, reserved 1179648K
  class space    used 12719K, committed 12992K, reserved 1048576K
}
Event: 15.321 GC heap before
{Heap before GC invocations=40 (full 0):
 garbage-first heap   total 136192K, used 113970K [0x0000000080000000, 0x0000000100000000)
  region size 1024K, 32 young (32768K), 2 survivors (2048K)
 Metaspace       used 92249K, committed 92864K, reserved 1179648K
  class space    used 12719K, committed 12992K, reserved 1048576K
}
Event: 15.322 GC heap after
{Heap after GC invocations=41 (full 0):
 garbage-first heap   total 136192K, used 83957K [0x0000000080000000, 0x0000000100000000)
  region size 1024K, 2 young (2048K), 2 survivors (2048K)
 Metaspace       used 92249K, committed 92864K, reserved 1179648K
  class space    used 12719K, committed 12992K, reserved 1048576K
}
Event: 16.385 GC heap before
{Heap before GC invocations=41 (full 0):
 garbage-first heap   total 136192K, used 114677K [0x0000000080000000, 0x0000000100000000)
  region size 1024K, 33 young (33792K), 2 survivors (2048K)
 Metaspace       used 93168K, committed 93824K, reserved 1179648K
  class space    used 12803K, committed 13120K, reserved 1048576K
}
Event: 16.387 GC heap after
{Heap after GC invocations=42 (full 0):
 garbage-first heap   total 136192K, used 83466K [0x0000000080000000, 0x0000000100000000)
  region size 1024K, 2 young (2048K), 2 survivors (2048K)
 Metaspace       used 93168K, committed 93824K, reserved 1179648K
  class space    used 12803K, committed 13120K, reserved 1048576K
}
Event: 16.818 GC heap before
{Heap before GC invocations=42 (full 0):
 garbage-first heap   total 136192K, used 114186K [0x0000000080000000, 0x0000000100000000)
  region size 1024K, 33 young (33792K), 2 survivors (2048K)
 Metaspace       used 97221K, committed 97920K, reserved 1179648K
  class space    used 13317K, committed 13632K, reserved 1048576K
}
Event: 16.820 GC heap after
{Heap after GC invocations=43 (full 0):
 garbage-first heap   total 136192K, used 84137K [0x0000000080000000, 0x0000000100000000)
  region size 1024K, 3 young (3072K), 3 survivors (3072K)
 Metaspace       used 97221K, committed 97920K, reserved 1179648K
  class space    used 13317K, committed 13632K, reserved 1048576K
}
Event: 17.351 GC heap before
{Heap before GC invocations=43 (full 0):
 garbage-first heap   total 136192K, used 119977K [0x0000000080000000, 0x0000000100000000)
  region size 1024K, 34 young (34816K), 3 survivors (3072K)
 Metaspace       used 101052K, committed 101696K, reserved 1179648K
  class space    used 13819K, committed 14144K, reserved 1048576K
}
Event: 17.353 GC heap after
{Heap after GC invocations=44 (full 0):
 garbage-first heap   total 136192K, used 88791K [0x0000000080000000, 0x0000000100000000)
  region size 1024K, 3 young (3072K), 3 survivors (3072K)
 Metaspace       used 101052K, committed 101696K, reserved 1179648K
  class space    used 13819K, committed 14144K, reserved 1048576K
}
Event: 17.601 GC heap before
{Heap before GC invocations=44 (full 0):
 garbage-first heap   total 136192K, used 100055K [0x0000000080000000, 0x0000000100000000)
  region size 1024K, 16 young (16384K), 3 survivors (3072K)
 Metaspace       used 103103K, committed 103744K, reserved 1179648K
  class space    used 14073K, committed 14400K, reserved 1048576K
}
Event: 17.604 GC heap after
{Heap after GC invocations=45 (full 0):
 garbage-first heap   total 136192K, used 89133K [0x0000000080000000, 0x0000000100000000)
  region size 1024K, 2 young (2048K), 2 survivors (2048K)
 Metaspace       used 103103K, committed 103744K, reserved 1179648K
  class space    used 14073K, committed 14400K, reserved 1048576K
}
Event: 17.609 GC heap before
{Heap before GC invocations=45 (full 0):
 garbage-first heap   total 136192K, used 95277K [0x0000000080000000, 0x0000000100000000)
  region size 1024K, 2 young (2048K), 2 survivors (2048K)
 Metaspace       used 103103K, committed 103744K, reserved 1179648K
  class space    used 14073K, committed 14400K, reserved 1048576K
}
Event: 17.611 GC heap after
{Heap after GC invocations=46 (full 0):
 garbage-first heap   total 136192K, used 95323K [0x0000000080000000, 0x0000000100000000)
  region size 1024K, 2 young (2048K), 2 survivors (2048K)
 Metaspace       used 103103K, committed 103744K, reserved 1179648K
  class space    used 14073K, committed 14400K, reserved 1048576K
}
Event: 17.737 GC heap before
{Heap before GC invocations=47 (full 0):
 garbage-first heap   total 176128K, used 117851K [0x0000000080000000, 0x0000000100000000)
  region size 1024K, 24 young (24576K), 2 survivors (2048K)
 Metaspace       used 103244K, committed 103936K, reserved 1179648K
  class space    used 14080K, committed 14400K, reserved 1048576K
}
Event: 17.743 GC heap after
{Heap after GC invocations=48 (full 0):
 garbage-first heap   total 176128K, used 103302K [0x0000000080000000, 0x0000000100000000)
  region size 1024K, 3 young (3072K), 3 survivors (3072K)
 Metaspace       used 103244K, committed 103936K, reserved 1179648K
  class space    used 14080K, committed 14400K, reserved 1048576K
}
Event: 17.780 GC heap before
{Heap before GC invocations=48 (full 0):
 garbage-first heap   total 176128K, used 107398K [0x0000000080000000, 0x0000000100000000)
  region size 1024K, 8 young (8192K), 3 survivors (3072K)
 Metaspace       used 103245K, committed 103936K, reserved 1179648K
  class space    used 14081K, committed 14400K, reserved 1048576K
}

