# JRE version: OpenJDK Runtime Environment (17.0.11) (build 17.0.11+0--11852314)
# Java VM: OpenJDK 64-Bit Server VM (17.0.11+0--11852314, mixed mode, tiered, compressed oops, compressed class ptrs, g1 gc, windows-amd64)
GC Precious Log:
 CPUs: 8 total, 8 available
 Memory: 7413M
 Large Page Support: Disabled
 NUMA Support: Disabled
 Compressed Oops: Enabled (32-bit)
 Heap Region Size: 1M
 Heap Min Capacity: 8M
 Heap Initial Capacity: 116M
 Heap Max Capacity: 2G
 Pre-touch: Disabled
 Parallel Workers: 8
 Concurrent Workers: 2
 Concurrent Refinement Workers: 8
 Periodic GC: Disabled
Heap:
 garbage-first heap   total 266240K, used 110009K [0x0000000080000000, 0x0000000100000000)
  region size 1024K, 7 young (7168K), 7 survivors (7168K)
 Metaspace       used 109224K, committed 110016K, reserved 1179648K
  class space    used 14968K, committed 15360K, reserved 1048576K
GC Heap History (20 events):
Event: 14.268 GC heap after
{Heap after GC invocations=43 (full 0):
 garbage-first heap   total 266240K, used 93870K [0x0000000080000000, 0x0000000100000000)
  region size 1024K, 16 young (16384K), 16 survivors (16384K)
 Metaspace       used 96709K, committed 97472K, reserved 1179648K
  class space    used 13525K, committed 13888K, reserved 1048576K
}
Event: 15.724 GC heap before
{Heap before GC invocations=43 (full 0):
 garbage-first heap   total 266240K, used 213678K [0x0000000080000000, 0x0000000100000000)
  region size 1024K, 134 young (137216K), 16 survivors (16384K)
 Metaspace       used 97981K, committed 98688K, reserved 1179648K
  class space    used 13645K, committed 14016K, reserved 1048576K
}
Event: 15.745 GC heap after
{Heap after GC invocations=44 (full 0):
 garbage-first heap   total 266240K, used 102228K [0x0000000080000000, 0x0000000100000000)
  region size 1024K, 9 young (9216K), 9 survivors (9216K)
 Metaspace       used 97981K, committed 98688K, reserved 1179648K
  class space    used 13645K, committed 14016K, reserved 1048576K
}
Event: 16.284 GC heap before
{Heap before GC invocations=44 (full 0):
 garbage-first heap   total 266240K, used 214868K [0x0000000080000000, 0x0000000100000000)
  region size 1024K, 120 young (122880K), 9 survivors (9216K)
 Metaspace       used 98882K, committed 99584K, reserved 1179648K
  class space    used 13779K, committed 14144K, reserved 1048576K
}
Event: 16.289 GC heap after
{Heap after GC invocations=45 (full 0):
 garbage-first heap   total 266240K, used 102481K [0x0000000080000000, 0x0000000100000000)
  region size 1024K, 9 young (9216K), 9 survivors (9216K)
 Metaspace       used 98882K, committed 99584K, reserved 1179648K
  class space    used 13779K, committed 14144K, reserved 1048576K
}
Event: 16.655 GC heap before
{Heap before GC invocations=45 (full 0):
 garbage-first heap   total 266240K, used 223313K [0x0000000080000000, 0x0000000100000000)
  region size 1024K, 125 young (128000K), 9 survivors (9216K)
 Metaspace       used 98883K, committed 99584K, reserved 1179648K
  class space    used 13779K, committed 14144K, reserved 1048576K
}
Event: 16.660 GC heap after
{Heap after GC invocations=46 (full 0):
 garbage-first heap   total 266240K, used 106106K [0x0000000080000000, 0x0000000100000000)
  region size 1024K, 11 young (11264K), 11 survivors (11264K)
 Metaspace       used 98883K, committed 99584K, reserved 1179648K
  class space    used 13779K, committed 14144K, reserved 1048576K
}
Event: 17.279 GC heap before
{Heap before GC invocations=46 (full 0):
 garbage-first heap   total 266240K, used 222842K [0x0000000080000000, 0x0000000100000000)
  region size 1024K, 126 young (129024K), 11 survivors (11264K)
 Metaspace       used 101508K, committed 102272K, reserved 1179648K
  class space    used 14049K, committed 14400K, reserved 1048576K
}
Event: 17.301 GC heap after
{Heap after GC invocations=47 (full 0):
 garbage-first heap   total 266240K, used 104050K [0x0000000080000000, 0x0000000100000000)
  region size 1024K, 3 young (3072K), 3 survivors (3072K)
 Metaspace       used 101508K, committed 102272K, reserved 1179648K
  class space    used 14049K, committed 14400K, reserved 1048576K
}
Event: 19.814 GC heap before
{Heap before GC invocations=47 (full 0):
 garbage-first heap   total 266240K, used 224882K [0x0000000080000000, 0x0000000100000000)
  region size 1024K, 122 young (124928K), 3 survivors (3072K)
 Metaspace       used 108758K, committed 109504K, reserved 1179648K
  class space    used 14914K, committed 15296K, reserved 1048576K
}
Event: 19.819 GC heap after
{Heap after GC invocations=48 (full 0):
 garbage-first heap   total 266240K, used 105648K [0x0000000080000000, 0x0000000100000000)
  region size 1024K, 5 young (5120K), 5 survivors (5120K)
 Metaspace       used 108758K, committed 109504K, reserved 1179648K
  class space    used 14914K, committed 15296K, reserved 1048576K
}
Event: 20.156 GC heap before
{Heap before GC invocations=48 (full 0):
 garbage-first heap   total 266240K, used 225456K [0x0000000080000000, 0x0000000100000000)
  region size 1024K, 123 young (125952K), 5 survivors (5120K)
 Metaspace       used 109163K, committed 109952K, reserved 1179648K
  class space    used 14967K, committed 15360K, reserved 1048576K
}
Event: 20.161 GC heap after
{Heap after GC invocations=49 (full 0):
 garbage-first heap   total 266240K, used 107936K [0x0000000080000000, 0x0000000100000000)
  region size 1024K, 7 young (7168K), 7 survivors (7168K)
 Metaspace       used 109163K, committed 109952K, reserved 1179648K
  class space    used 14967K, committed 15360K, reserved 1048576K
}
Event: 20.237 GC heap before
{Heap before GC invocations=49 (full 0):
 garbage-first heap   total 266240K, used 226720K [0x0000000080000000, 0x0000000100000000)
  region size 1024K, 124 young (126976K), 7 survivors (7168K)
 Metaspace       used 109182K, committed 109952K, reserved 1179648K
  class space    used 14968K, committed 15360K, reserved 1048576K
}
Event: 20.242 GC heap after
{Heap after GC invocations=50 (full 0):
 garbage-first heap   total 266240K, used 109533K [0x0000000080000000, 0x0000000100000000)
  region size 1024K, 9 young (9216K), 9 survivors (9216K)
 Metaspace       used 109182K, committed 109952K, reserved 1179648K
  class space    used 14968K, committed 15360K, reserved 1048576K
}
Event: 20.354 GC heap before
{Heap before GC invocations=50 (full 0):
 garbage-first heap   total 266240K, used 227293K [0x0000000080000000, 0x0000000100000000)
  region size 1024K, 125 young (128000K), 9 survivors (9216K)
 Metaspace       used 109202K, committed 109952K, reserved 1179648K
  class space    used 14968K, committed 15360K, reserved 1048576K
}
Event: 20.361 GC heap after
{Heap after GC invocations=51 (full 0):
 garbage-first heap   total 266240K, used 109085K [0x0000000080000000, 0x0000000100000000)
  region size 1024K, 8 young (8192K), 8 survivors (8192K)
 Metaspace       used 109202K, committed 109952K, reserved 1179648K
  class space    used 14968K, committed 15360K, reserved 1048576K
}
Event: 20.470 GC heap before
{Heap before GC invocations=51 (full 0):
 garbage-first heap   total 266240K, used 228893K [0x0000000080000000, 0x0000000100000000)
  region size 1024K, 126 young (129024K), 8 survivors (8192K)
 Metaspace       used 109206K, committed 110016K, reserved 1179648K
  class space    used 14968K, committed 15360K, reserved 1048576K
}
Event: 20.475 GC heap after
{Heap after GC invocations=52 (full 0):
 garbage-first heap   total 266240K, used 107399K [0x0000000080000000, 0x0000000100000000)
  region size 1024K, 7 young (7168K), 7 survivors (7168K)
 Metaspace       used 109206K, committed 110016K, reserved 1179648K
  class space    used 14968K, committed 15360K, reserved 1048576K
}
Event: 20.611 GC heap before
{Heap before GC invocations=52 (full 0):
 garbage-first heap   total 266240K, used 233351K [0x0000000080000000, 0x0000000100000000)
  region size 1024K, 127 young (130048K), 7 survivors (7168K)
 Metaspace       used 109224K, committed 110016K, reserved 1179648K
  class space    used 14968K, committed 15360K, reserved 1048576K
}

