# JRE version: OpenJDK Runtime Environment (17.0.11) (build 17.0.11+0--11852314)
# Java VM: OpenJDK 64-Bit Server VM (17.0.11+0--11852314, mixed mode, tiered, compressed oops, compressed class ptrs, g1 gc, windows-amd64)
GC Precious Log:
 CPUs: 8 total, 8 available
 Memory: 7413M
 Large Page Support: Disabled
 NUMA Support: Disabled
 Compressed Oops: Enabled (32-bit)
 Heap Region Size: 1M
 Heap Min Capacity: 8M
 Heap Initial Capacity: 116M
 Heap Max Capacity: 2G
 Pre-touch: Disabled
 Parallel Workers: 8
 Concurrent Workers: 2
 Concurrent Refinement Workers: 8
 Periodic GC: Disabled
Heap:
 garbage-first heap   total 335872K, used 281603K [0x0000000080000000, 0x0000000100000000)
  region size 1024K, 59 young (60416K), 2 survivors (2048K)
 Metaspace       used 180731K, committed 181696K, reserved 1245184K
  class space    used 23252K, committed 23680K, reserved 1048576K
GC Heap History (20 events):
Event: 40.702 GC heap before
{Heap before GC invocations=76 (full 0):
 garbage-first heap   total 279552K, used 244076K [0x0000000080000000, 0x0000000100000000)
  region size 1024K, 25 young (25600K), 2 survivors (2048K)
 Metaspace       used 178169K, committed 179072K, reserved 1245184K
  class space    used 22908K, committed 23360K, reserved 1048576K
}
Event: 40.704 GC heap after
{Heap after GC invocations=77 (full 0):
 garbage-first heap   total 279552K, used 221916K [0x0000000080000000, 0x0000000100000000)
  region size 1024K, 3 young (3072K), 3 survivors (3072K)
 Metaspace       used 178169K, committed 179072K, reserved 1245184K
  class space    used 22908K, committed 23360K, reserved 1048576K
}
Event: 40.765 GC heap before
{Heap before GC invocations=77 (full 0):
 garbage-first heap   total 279552K, used 244444K [0x0000000080000000, 0x0000000100000000)
  region size 1024K, 26 young (26624K), 3 survivors (3072K)
 Metaspace       used 178169K, committed 179072K, reserved 1245184K
  class space    used 22908K, committed 23360K, reserved 1048576K
}
Event: 40.767 GC heap after
{Heap after GC invocations=78 (full 0):
 garbage-first heap   total 279552K, used 222146K [0x0000000080000000, 0x0000000100000000)
  region size 1024K, 3 young (3072K), 3 survivors (3072K)
 Metaspace       used 178169K, committed 179072K, reserved 1245184K
  class space    used 22908K, committed 23360K, reserved 1048576K
}
Event: 40.839 GC heap before
{Heap before GC invocations=78 (full 0):
 garbage-first heap   total 279552K, used 245698K [0x0000000080000000, 0x0000000100000000)
  region size 1024K, 26 young (26624K), 3 survivors (3072K)
 Metaspace       used 178183K, committed 179072K, reserved 1245184K
  class space    used 22912K, committed 23360K, reserved 1048576K
}
Event: 40.841 GC heap after
{Heap after GC invocations=79 (full 0):
 garbage-first heap   total 279552K, used 221573K [0x0000000080000000, 0x0000000100000000)
  region size 1024K, 1 young (1024K), 1 survivors (1024K)
 Metaspace       used 178183K, committed 179072K, reserved 1245184K
  class space    used 22912K, committed 23360K, reserved 1048576K
}
Event: 40.911 GC heap before
{Heap before GC invocations=79 (full 0):
 garbage-first heap   total 279552K, used 246149K [0x0000000080000000, 0x0000000100000000)
  region size 1024K, 26 young (26624K), 1 survivors (1024K)
 Metaspace       used 178183K, committed 179072K, reserved 1245184K
  class space    used 22912K, committed 23360K, reserved 1048576K
}
Event: 40.913 GC heap after
{Heap after GC invocations=80 (full 0):
 garbage-first heap   total 279552K, used 221977K [0x0000000080000000, 0x0000000100000000)
  region size 1024K, 1 young (1024K), 1 survivors (1024K)
 Metaspace       used 178183K, committed 179072K, reserved 1245184K
  class space    used 22912K, committed 23360K, reserved 1048576K
}
Event: 41.150 GC heap before
{Heap before GC invocations=80 (full 0):
 garbage-first heap   total 279552K, used 247577K [0x0000000080000000, 0x0000000100000000)
  region size 1024K, 26 young (26624K), 1 survivors (1024K)
 Metaspace       used 178183K, committed 179072K, reserved 1245184K
  class space    used 22912K, committed 23360K, reserved 1048576K
}
Event: 41.152 GC heap after
{Heap after GC invocations=81 (full 0):
 garbage-first heap   total 279552K, used 221578K [0x0000000080000000, 0x0000000100000000)
  region size 1024K, 1 young (1024K), 1 survivors (1024K)
 Metaspace       used 178183K, committed 179072K, reserved 1245184K
  class space    used 22912K, committed 23360K, reserved 1048576K
}
Event: 41.230 GC heap before
{Heap before GC invocations=81 (full 0):
 garbage-first heap   total 279552K, used 246154K [0x0000000080000000, 0x0000000100000000)
  region size 1024K, 26 young (26624K), 1 survivors (1024K)
 Metaspace       used 178252K, committed 179136K, reserved 1245184K
  class space    used 22920K, committed 23360K, reserved 1048576K
}
Event: 41.232 GC heap after
{Heap after GC invocations=82 (full 0):
 garbage-first heap   total 279552K, used 221568K [0x0000000080000000, 0x0000000100000000)
  region size 1024K, 1 young (1024K), 1 survivors (1024K)
 Metaspace       used 178252K, committed 179136K, reserved 1245184K
  class space    used 22920K, committed 23360K, reserved 1048576K
}
Event: 41.441 GC heap before
{Heap before GC invocations=82 (full 0):
 garbage-first heap   total 279552K, used 247168K [0x0000000080000000, 0x0000000100000000)
  region size 1024K, 27 young (27648K), 1 survivors (1024K)
 Metaspace       used 178582K, committed 179520K, reserved 1245184K
  class space    used 22963K, committed 23424K, reserved 1048576K
}
Event: 41.444 GC heap after
{Heap after GC invocations=83 (full 0):
 garbage-first heap   total 279552K, used 222567K [0x0000000080000000, 0x0000000100000000)
  region size 1024K, 2 young (2048K), 2 survivors (2048K)
 Metaspace       used 178582K, committed 179520K, reserved 1245184K
  class space    used 22963K, committed 23424K, reserved 1048576K
}
Event: 41.911 GC heap before
{Heap before GC invocations=83 (full 0):
 garbage-first heap   total 279552K, used 246119K [0x0000000080000000, 0x0000000100000000)
  region size 1024K, 26 young (26624K), 2 survivors (2048K)
 Metaspace       used 178649K, committed 179584K, reserved 1245184K
  class space    used 22965K, committed 23424K, reserved 1048576K
}
Event: 41.914 GC heap after
{Heap after GC invocations=84 (full 0):
 garbage-first heap   total 279552K, used 223441K [0x0000000080000000, 0x0000000100000000)
  region size 1024K, 3 young (3072K), 3 survivors (3072K)
 Metaspace       used 178649K, committed 179584K, reserved 1245184K
  class space    used 22965K, committed 23424K, reserved 1048576K
}
Event: 42.060 GC heap before
{Heap before GC invocations=84 (full 0):
 garbage-first heap   total 279552K, used 245969K [0x0000000080000000, 0x0000000100000000)
  region size 1024K, 26 young (26624K), 3 survivors (3072K)
 Metaspace       used 178765K, committed 179648K, reserved 1245184K
  class space    used 22983K, committed 23424K, reserved 1048576K
}
Event: 42.063 GC heap after
{Heap after GC invocations=85 (full 0):
 garbage-first heap   total 279552K, used 224930K [0x0000000080000000, 0x0000000100000000)
  region size 1024K, 4 young (4096K), 4 survivors (4096K)
 Metaspace       used 178765K, committed 179648K, reserved 1245184K
  class space    used 22983K, committed 23424K, reserved 1048576K
}
Event: 42.260 GC heap before
{Heap before GC invocations=85 (full 0):
 garbage-first heap   total 279552K, used 244386K [0x0000000080000000, 0x0000000100000000)
  region size 1024K, 24 young (24576K), 4 survivors (4096K)
 Metaspace       used 178948K, committed 179904K, reserved 1245184K
  class space    used 23008K, committed 23424K, reserved 1048576K
}
Event: 42.264 GC heap after
{Heap after GC invocations=86 (full 0):
 garbage-first heap   total 335872K, used 225283K [0x0000000080000000, 0x0000000100000000)
  region size 1024K, 2 young (2048K), 2 survivors (2048K)
 Metaspace       used 178948K, committed 179904K, reserved 1245184K
  class space    used 23008K, committed 23424K, reserved 1048576K
}

